# JRE version: OpenJDK Runtime Environment Temurin-21.0.10+7 (21.0.10+7) (build 21.0.10+7-LTS)
# Java VM: OpenJDK 64-Bit Server VM Temurin-21.0.10+7 (21.0.10+7-LTS, mixed mode, sharing, tiered, compressed oops, compressed class ptrs, g1 gc, windows-amd64)
GC Precious Log:
 CardTable entry size: 512
 Card Set container configuration: InlinePtr #cards 5 size 8 Array Of Cards #cards 12 size 40 Howl #buckets 4 coarsen threshold 1843 Howl Bitmap #cards 512 size 80 coarsen threshold 460 Card regions per heap region 1 cards per card region 2048
 CPUs: 20 total, 20 available
 Memory: 16124M
 Large Page Support: Disabled
 NUMA Support: Disabled
 Compressed Oops: Enabled (32-bit)
 Heap Region Size: 1M
 Heap Min Capacity: 8M
 Heap Initial Capacity: 252M
 Heap Max Capacity: 2G
 Pre-touch: Disabled
 Parallel Workers: 15
 Concurrent Workers: 4
 Concurrent Refinement Workers: 15
 Periodic GC: Disabled
Heap:
 garbage-first heap   total 249856K, used 161368K [0x0000000080000000, 0x0000000100000000)
  region size 1024K, 11 young (11264K), 9 survivors (9216K)
 Metaspace       used 137817K, committed 140352K, reserved 1179648K
  class space    used 18146K, committed 19392K, reserved 1048576K
GC Heap History (20 events):
Event: 14.974 GC heap before
{Heap before GC invocations=35 (full 0):
 garbage-first heap   total 211968K, used 158470K [0x0000000080000000, 0x0000000100000000)
  region size 1024K, 67 young (68608K), 11 survivors (11264K)
 Metaspace       used 116778K, committed 118976K, reserved 1179648K
  class space    used 15435K, committed 16512K, reserved 1048576K
}
Event: 14.980 GC heap after
{Heap after GC invocations=36 (full 0):
 garbage-first heap   total 211968K, used 104977K [0x0000000080000000, 0x0000000100000000)
  region size 1024K, 8 young (8192K), 8 survivors (8192K)
 Metaspace       used 116778K, committed 118976K, reserved 1179648K
  class space    used 15435K, committed 16512K, reserved 1048576K
}
Event: 15.352 GC heap before
{Heap before GC invocations=37 (full 0):
 garbage-first heap   total 211968K, used 209425K [0x0000000080000000, 0x0000000100000000)
  region size 1024K, 94 young (96256K), 8 survivors (8192K)
 Metaspace       used 116889K, committed 119104K, reserved 1179648K
  class space    used 15435K, committed 16512K, reserved 1048576K
}
Event: 15.364 GC heap after
{Heap after GC invocations=38 (full 0):
 garbage-first heap   total 241664K, used 135564K [0x0000000080000000, 0x0000000100000000)
  region size 1024K, 12 young (12288K), 12 survivors (12288K)
 Metaspace       used 116889K, committed 119104K, reserved 1179648K
  class space    used 15435K, committed 16512K, reserved 1048576K
}
Event: 15.846 GC heap before
{Heap before GC invocations=38 (full 0):
 garbage-first heap   total 241664K, used 216460K [0x0000000080000000, 0x0000000100000000)
  region size 1024K, 86 young (88064K), 12 survivors (12288K)
 Metaspace       used 118121K, committed 120448K, reserved 1179648K
  class space    used 15565K, committed 16704K, reserved 1048576K
}
Event: 15.856 GC heap after
{Heap after GC invocations=39 (full 0):
 garbage-first heap   total 241664K, used 141682K [0x0000000080000000, 0x0000000100000000)
  region size 1024K, 10 young (10240K), 10 survivors (10240K)
 Metaspace       used 118121K, committed 120448K, reserved 1179648K
  class space    used 15565K, committed 16704K, reserved 1048576K
}
Event: 15.868 GC heap before
{Heap before GC invocations=39 (full 0):
 garbage-first heap   total 241664K, used 143730K [0x0000000080000000, 0x0000000100000000)
  region size 1024K, 13 young (13312K), 10 survivors (10240K)
 Metaspace       used 118280K, committed 120576K, reserved 1179648K
  class space    used 15579K, committed 16704K, reserved 1048576K
}
Event: 15.873 GC heap after
{Heap after GC invocations=40 (full 0):
 garbage-first heap   total 241664K, used 142654K [0x0000000080000000, 0x0000000100000000)
  region size 1024K, 1 young (1024K), 1 survivors (1024K)
 Metaspace       used 118280K, committed 120576K, reserved 1179648K
  class space    used 15579K, committed 16704K, reserved 1048576K
}
Event: 16.443 GC heap before
{Heap before GC invocations=41 (full 0):
 garbage-first heap   total 241664K, used 197950K [0x0000000080000000, 0x0000000100000000)
  region size 1024K, 54 young (55296K), 1 survivors (1024K)
 Metaspace       used 123190K, committed 125568K, reserved 1179648K
  class space    used 16183K, committed 17344K, reserved 1048576K
}
Event: 16.447 GC heap after
{Heap after GC invocations=42 (full 0):
 garbage-first heap   total 241664K, used 145461K [0x0000000080000000, 0x0000000100000000)
  region size 1024K, 3 young (3072K), 3 survivors (3072K)
 Metaspace       used 123190K, committed 125568K, reserved 1179648K
  class space    used 16183K, committed 17344K, reserved 1048576K
}
Event: 17.177 GC heap before
{Heap before GC invocations=42 (full 0):
 garbage-first heap   total 241664K, used 206901K [0x0000000080000000, 0x0000000100000000)
  region size 1024K, 59 young (60416K), 3 survivors (3072K)
 Metaspace       used 127779K, committed 130240K, reserved 1179648K
  class space    used 16827K, committed 18048K, reserved 1048576K
}
Event: 17.183 GC heap after
{Heap after GC invocations=43 (full 0):
 garbage-first heap   total 241664K, used 144224K [0x0000000080000000, 0x0000000100000000)
  region size 1024K, 8 young (8192K), 8 survivors (8192K)
 Metaspace       used 127779K, committed 130240K, reserved 1179648K
  class space    used 16827K, committed 18048K, reserved 1048576K
}
Event: 17.916 GC heap before
{Heap before GC invocations=43 (full 0):
 garbage-first heap   total 241664K, used 199520K [0x0000000080000000, 0x0000000100000000)
  region size 1024K, 63 young (64512K), 8 survivors (8192K)
 Metaspace       used 132665K, committed 135168K, reserved 1179648K
  class space    used 17461K, committed 18688K, reserved 1048576K
}
Event: 17.921 GC heap after
{Heap after GC invocations=44 (full 0):
 garbage-first heap   total 241664K, used 147305K [0x0000000080000000, 0x0000000100000000)
  region size 1024K, 3 young (3072K), 3 survivors (3072K)
 Metaspace       used 132665K, committed 135168K, reserved 1179648K
  class space    used 17461K, committed 18688K, reserved 1048576K
}
Event: 18.557 GC heap before
{Heap before GC invocations=45 (full 0):
 garbage-first heap   total 249856K, used 212841K [0x0000000080000000, 0x0000000100000000)
  region size 1024K, 65 young (66560K), 3 survivors (3072K)
 Metaspace       used 137024K, committed 139520K, reserved 1179648K
  class space    used 18100K, committed 19328K, reserved 1048576K
}
Event: 18.561 GC heap after
{Heap after GC invocations=46 (full 0):
 garbage-first heap   total 249856K, used 152589K [0x0000000080000000, 0x0000000100000000)
  region size 1024K, 7 young (7168K), 7 survivors (7168K)
 Metaspace       used 137024K, committed 139520K, reserved 1179648K
  class space    used 18100K, committed 19328K, reserved 1048576K
}
Event: 18.952 GC heap before
{Heap before GC invocations=46 (full 0):
 garbage-first heap   total 249856K, used 221197K [0x0000000080000000, 0x0000000100000000)
  region size 1024K, 73 young (74752K), 7 survivors (7168K)
 Metaspace       used 137381K, committed 139840K, reserved 1179648K
  class space    used 18121K, committed 19328K, reserved 1048576K
}
Event: 18.959 GC heap after
{Heap after GC invocations=47 (full 0):
 garbage-first heap   total 249856K, used 151244K [0x0000000080000000, 0x0000000100000000)
  region size 1024K, 10 young (10240K), 10 survivors (10240K)
 Metaspace       used 137381K, committed 139840K, reserved 1179648K
  class space    used 18121K, committed 19328K, reserved 1048576K
}
Event: 26.897 GC heap before
{Heap before GC invocations=47 (full 0):
 garbage-first heap   total 249856K, used 220876K [0x0000000080000000, 0x0000000100000000)
  region size 1024K, 78 young (79872K), 10 survivors (10240K)
 Metaspace       used 137797K, committed 140288K, reserved 1179648K
  class space    used 18145K, committed 19392K, reserved 1048576K
}
Event: 26.903 GC heap after
{Heap after GC invocations=48 (full 0):
 garbage-first heap   total 249856K, used 160344K [0x0000000080000000, 0x0000000100000000)
  region size 1024K, 9 young (9216K), 9 survivors (9216K)
 Metaspace       used 137797K, committed 140288K, reserved 1179648K
  class space    used 18145K, committed 19392K, reserved 1048576K
}

