# JRE version: OpenJDK Runtime Environment Temurin-21.0.10+7 (21.0.10+7) (build 21.0.10+7-LTS)
# Java VM: OpenJDK 64-Bit Server VM Temurin-21.0.10+7 (21.0.10+7-LTS, mixed mode, sharing, tiered, compressed oops, compressed class ptrs, g1 gc, windows-amd64)
GC Precious Log:
 CardTable entry size: 512
 Card Set container configuration: InlinePtr #cards 5 size 8 Array Of Cards #cards 12 size 40 Howl #buckets 4 coarsen threshold 1843 Howl Bitmap #cards 512 size 80 coarsen threshold 460 Card regions per heap region 1 cards per card region 2048
 CPUs: 20 total, 20 available
 Memory: 16124M
 Large Page Support: Disabled
 NUMA Support: Disabled
 Compressed Oops: Enabled (32-bit)
 Heap Region Size: 1M
 Heap Min Capacity: 8M
 Heap Initial Capacity: 252M
 Heap Max Capacity: 2G
 Pre-touch: Disabled
 Parallel Workers: 15
 Concurrent Workers: 4
 Concurrent Refinement Workers: 15
 Periodic GC: Disabled
Heap:
 garbage-first heap   total 234496K, used 162057K [0x0000000080000000, 0x0000000100000000)
  region size 1024K, 31 young (31744K), 7 survivors (7168K)
 Metaspace       used 129666K, committed 132160K, reserved 1179648K
  class space    used 18483K, committed 19712K, reserved 1048576K
GC Heap History (20 events):
Event: 71.795 GC heap before
{Heap before GC invocations=27 (full 0):
 garbage-first heap   total 168960K, used 145834K [0x0000000080000000, 0x0000000100000000)
  region size 1024K, 49 young (50176K), 6 survivors (6144K)
 Metaspace       used 94116K, committed 96256K, reserved 1179648K
  class space    used 13144K, committed 14208K, reserved 1048576K
}
Event: 71.800 GC heap after
{Heap after GC invocations=28 (full 0):
 garbage-first heap   total 168960K, used 104716K [0x0000000080000000, 0x0000000100000000)
  region size 1024K, 5 young (5120K), 5 survivors (5120K)
 Metaspace       used 94116K, committed 96256K, reserved 1179648K
  class space    used 13144K, committed 14208K, reserved 1048576K
}
Event: 72.293 GC heap before
{Heap before GC invocations=29 (full 0):
 garbage-first heap   total 178176K, used 157964K [0x0000000080000000, 0x0000000100000000)
  region size 1024K, 56 young (57344K), 5 survivors (5120K)
 Metaspace       used 98183K, committed 100352K, reserved 1179648K
  class space    used 13855K, committed 14912K, reserved 1048576K
}
Event: 72.296 GC heap after
{Heap after GC invocations=30 (full 0):
 garbage-first heap   total 178176K, used 106135K [0x0000000080000000, 0x0000000100000000)
  region size 1024K, 4 young (4096K), 4 survivors (4096K)
 Metaspace       used 98183K, committed 100352K, reserved 1179648K
  class space    used 13855K, committed 14912K, reserved 1048576K
}
Event: 72.937 GC heap before
{Heap before GC invocations=30 (full 0):
 garbage-first heap   total 178176K, used 165527K [0x0000000080000000, 0x0000000100000000)
  region size 1024K, 62 young (63488K), 4 survivors (4096K)
 Metaspace       used 102625K, committed 104896K, reserved 1179648K
  class space    used 14503K, committed 15616K, reserved 1048576K
}
Event: 72.941 GC heap after
{Heap after GC invocations=31 (full 0):
 garbage-first heap   total 178176K, used 108799K [0x0000000080000000, 0x0000000100000000)
  region size 1024K, 7 young (7168K), 7 survivors (7168K)
 Metaspace       used 102625K, committed 104896K, reserved 1179648K
  class space    used 14503K, committed 15616K, reserved 1048576K
}
Event: 73.699 GC heap before
{Heap before GC invocations=31 (full 0):
 garbage-first heap   total 178176K, used 165119K [0x0000000080000000, 0x0000000100000000)
  region size 1024K, 63 young (64512K), 7 survivors (7168K)
 Metaspace       used 104546K, committed 106816K, reserved 1179648K
  class space    used 14854K, committed 16000K, reserved 1048576K
}
Event: 73.702 GC heap after
{Heap after GC invocations=32 (full 0):
 garbage-first heap   total 178176K, used 111629K [0x0000000080000000, 0x0000000100000000)
  region size 1024K, 6 young (6144K), 6 survivors (6144K)
 Metaspace       used 104546K, committed 106816K, reserved 1179648K
  class space    used 14854K, committed 16000K, reserved 1048576K
}
Event: 74.370 GC heap before
{Heap before GC invocations=33 (full 0):
 garbage-first heap   total 188416K, used 166925K [0x0000000080000000, 0x0000000100000000)
  region size 1024K, 60 young (61440K), 6 survivors (6144K)
 Metaspace       used 105343K, committed 107648K, reserved 1179648K
  class space    used 14920K, committed 16064K, reserved 1048576K
}
Event: 74.384 GC heap after
{Heap after GC invocations=34 (full 0):
 garbage-first heap   total 188416K, used 119442K [0x0000000080000000, 0x0000000100000000)
  region size 1024K, 8 young (8192K), 8 survivors (8192K)
 Metaspace       used 105343K, committed 107648K, reserved 1179648K
  class space    used 14920K, committed 16064K, reserved 1048576K
}
Event: 75.053 GC heap before
{Heap before GC invocations=34 (full 0):
 garbage-first heap   total 188416K, used 174738K [0x0000000080000000, 0x0000000100000000)
  region size 1024K, 62 young (63488K), 8 survivors (8192K)
 Metaspace       used 108290K, committed 110656K, reserved 1179648K
  class space    used 15335K, committed 16512K, reserved 1048576K
}
Event: 75.059 GC heap after
{Heap after GC invocations=35 (full 0):
 garbage-first heap   total 189440K, used 123177K [0x0000000080000000, 0x0000000100000000)
  region size 1024K, 4 young (4096K), 4 survivors (4096K)
 Metaspace       used 108290K, committed 110656K, reserved 1179648K
  class space    used 15335K, committed 16512K, reserved 1048576K
}
Event: 75.898 GC heap before
{Heap before GC invocations=35 (full 0):
 garbage-first heap   total 189440K, used 176425K [0x0000000080000000, 0x0000000100000000)
  region size 1024K, 56 young (57344K), 4 survivors (4096K)
 Metaspace       used 110875K, committed 113152K, reserved 1179648K
  class space    used 15715K, committed 16832K, reserved 1048576K
}
Event: 75.901 GC heap after
{Heap after GC invocations=36 (full 0):
 garbage-first heap   total 189440K, used 127187K [0x0000000080000000, 0x0000000100000000)
  region size 1024K, 7 young (7168K), 7 survivors (7168K)
 Metaspace       used 110875K, committed 113152K, reserved 1179648K
  class space    used 15715K, committed 16832K, reserved 1048576K
}
Event: 76.552 GC heap before
{Heap before GC invocations=37 (full 0):
 garbage-first heap   total 214016K, used 177363K [0x0000000080000000, 0x0000000100000000)
  region size 1024K, 56 young (57344K), 7 survivors (7168K)
 Metaspace       used 114502K, committed 116800K, reserved 1179648K
  class space    used 16194K, committed 17344K, reserved 1048576K
}
Event: 76.557 GC heap after
{Heap after GC invocations=38 (full 0):
 garbage-first heap   total 214016K, used 130218K [0x0000000080000000, 0x0000000100000000)
  region size 1024K, 3 young (3072K), 3 survivors (3072K)
 Metaspace       used 114502K, committed 116800K, reserved 1179648K
  class space    used 16194K, committed 17344K, reserved 1048576K
}
Event: 560.775 GC heap before
{Heap before GC invocations=38 (full 0):
 garbage-first heap   total 214016K, used 197802K [0x0000000080000000, 0x0000000100000000)
  region size 1024K, 70 young (71680K), 3 survivors (3072K)
 Metaspace       used 120577K, committed 122944K, reserved 1179648K
  class space    used 17386K, committed 18560K, reserved 1048576K
}
Event: 560.779 GC heap after
{Heap after GC invocations=39 (full 0):
 garbage-first heap   total 214016K, used 129569K [0x0000000080000000, 0x0000000100000000)
  region size 1024K, 5 young (5120K), 5 survivors (5120K)
 Metaspace       used 120577K, committed 122944K, reserved 1179648K
  class space    used 17386K, committed 18560K, reserved 1048576K
}
Event: 561.424 GC heap before
{Heap before GC invocations=39 (full 0):
 garbage-first heap   total 214016K, used 191009K [0x0000000080000000, 0x0000000100000000)
  region size 1024K, 66 young (67584K), 5 survivors (5120K)
 Metaspace       used 129368K, committed 131840K, reserved 1179648K
  class space    used 18475K, committed 19712K, reserved 1048576K
}
Event: 561.430 GC heap after
{Heap after GC invocations=40 (full 0):
 garbage-first heap   total 214016K, used 131337K [0x0000000080000000, 0x0000000100000000)
  region size 1024K, 7 young (7168K), 7 survivors (7168K)
 Metaspace       used 129368K, committed 131840K, reserved 1179648K
  class space    used 18475K, committed 19712K, reserved 1048576K
}

