# JRE version: OpenJDK Runtime Environment Temurin-21.0.10+7 (21.0.10+7) (build 21.0.10+7-LTS)
# Java VM: OpenJDK 64-Bit Server VM Temurin-21.0.10+7 (21.0.10+7-LTS, mixed mode, sharing, tiered, compressed oops, compressed class ptrs, parallel gc, windows-amd64)
GC Precious Log:
 CardTable entry size: 512
 CPUs: 20 total, 20 available
 Memory: 16124M
 Large Page Support: Disabled
 NUMA Support: Disabled
 Compressed Oops: Enabled (32-bit)
 Alignments: Space 512K, Generation 512K, Heap 2M
 Heap Min Capacity: 100M
 Heap Initial Capacity: 100M
 Heap Max Capacity: 2G
 Pre-touch: Disabled
 Parallel Workers: 15
Heap:
 PSYoungGen      total 3584K, used 3411K [0x00000000d5580000, 0x00000000d5b80000, 0x0000000100000000)
  eden space 3072K, 94% used [0x00000000d5580000,0x00000000d5858dd0,0x00000000d5880000)
  from space 512K, 96% used [0x00000000d5a80000,0x00000000d5afc070,0x00000000d5b00000)
  to   space 1536K, 0% used [0x00000000d5880000,0x00000000d5880000,0x00000000d5a00000)
 ParOldGen       total 468992K, used 205972K [0x0000000080000000, 0x000000009ca00000, 0x00000000d5580000)
  object space 468992K, 43% used [0x0000000080000000,0x000000008c925078,0x000000009ca00000)
 Metaspace       used 69811K, committed 71424K, reserved 1114112K
  class space    used 8174K, committed 8896K, reserved 1048576K
GC Heap History (20 events):
Event: 182.232 GC heap before
{Heap before GC invocations=528 (full 3):
 PSYoungGen      total 3584K, used 3584K [0x00000000d5580000, 0x00000000d5b80000, 0x0000000100000000)
  eden space 3072K, 100% used [0x00000000d5580000,0x00000000d5880000,0x00000000d5880000)
  from space 512K, 100% used [0x00000000d5b00000,0x00000000d5b80000,0x00000000d5b80000)
  to   space 1024K, 0% used [0x00000000d5980000,0x00000000d5980000,0x00000000d5a80000)
 ParOldGen       total 468992K, used 203708K [0x0000000080000000, 0x000000009ca00000, 0x00000000d5580000)
  object space 468992K, 43% used [0x0000000080000000,0x000000008c6ef050,0x000000009ca00000)
 Metaspace       used 68409K, committed 69888K, reserved 1114112K
  class space    used 7998K, committed 8640K, reserved 1048576K
}
Event: 182.233 GC heap after
{Heap after GC invocations=528 (full 3):
 PSYoungGen      total 4096K, used 512K [0x00000000d5580000, 0x00000000d5b80000, 0x0000000100000000)
  eden space 3072K, 0% used [0x00000000d5580000,0x00000000d5580000,0x00000000d5880000)
  from space 1024K, 50% used [0x00000000d5980000,0x00000000d5a00000,0x00000000d5a80000)
  to   space 1024K, 0% used [0x00000000d5a80000,0x00000000d5a80000,0x00000000d5b80000)
 ParOldGen       total 468992K, used 204100K [0x0000000080000000, 0x000000009ca00000, 0x00000000d5580000)
  object space 468992K, 43% used [0x0000000080000000,0x000000008c751050,0x000000009ca00000)
 Metaspace       used 68409K, committed 69888K, reserved 1114112K
  class space    used 7998K, committed 8640K, reserved 1048576K
}
Event: 182.319 GC heap before
{Heap before GC invocations=529 (full 3):
 PSYoungGen      total 4096K, used 3584K [0x00000000d5580000, 0x00000000d5b80000, 0x0000000100000000)
  eden space 3072K, 100% used [0x00000000d5580000,0x00000000d5880000,0x00000000d5880000)
  from space 1024K, 50% used [0x00000000d5980000,0x00000000d5a00000,0x00000000d5a80000)
  to   space 1024K, 0% used [0x00000000d5a80000,0x00000000d5a80000,0x00000000d5b80000)
 ParOldGen       total 468992K, used 204100K [0x0000000080000000, 0x000000009ca00000, 0x00000000d5580000)
  object space 468992K, 43% used [0x0000000080000000,0x000000008c751050,0x000000009ca00000)
 Metaspace       used 68681K, committed 70208K, reserved 1114112K
  class space    used 8031K, committed 8704K, reserved 1048576K
}
Event: 182.320 GC heap after
{Heap after GC invocations=529 (full 3):
 PSYoungGen      total 4096K, used 544K [0x00000000d5580000, 0x00000000d5b80000, 0x0000000100000000)
  eden space 3072K, 0% used [0x00000000d5580000,0x00000000d5580000,0x00000000d5880000)
  from space 1024K, 53% used [0x00000000d5a80000,0x00000000d5b08000,0x00000000d5b80000)
  to   space 1024K, 0% used [0x00000000d5980000,0x00000000d5980000,0x00000000d5a80000)
 ParOldGen       total 468992K, used 204276K [0x0000000080000000, 0x000000009ca00000, 0x00000000d5580000)
  object space 468992K, 43% used [0x0000000080000000,0x000000008c77d050,0x000000009ca00000)
 Metaspace       used 68681K, committed 70208K, reserved 1114112K
  class space    used 8031K, committed 8704K, reserved 1048576K
}
Event: 182.391 GC heap before
{Heap before GC invocations=530 (full 3):
 PSYoungGen      total 4096K, used 3616K [0x00000000d5580000, 0x00000000d5b80000, 0x0000000100000000)
  eden space 3072K, 100% used [0x00000000d5580000,0x00000000d5880000,0x00000000d5880000)
  from space 1024K, 53% used [0x00000000d5a80000,0x00000000d5b08000,0x00000000d5b80000)
  to   space 1024K, 0% used [0x00000000d5980000,0x00000000d5980000,0x00000000d5a80000)
 ParOldGen       total 468992K, used 204276K [0x0000000080000000, 0x000000009ca00000, 0x00000000d5580000)
  object space 468992K, 43% used [0x0000000080000000,0x000000008c77d050,0x000000009ca00000)
 Metaspace       used 69028K, committed 70528K, reserved 1114112K
  class space    used 8074K, committed 8704K, reserved 1048576K
}
Event: 182.392 GC heap after
{Heap after GC invocations=530 (full 3):
 PSYoungGen      total 4096K, used 576K [0x00000000d5580000, 0x00000000d5b00000, 0x0000000100000000)
  eden space 3072K, 0% used [0x00000000d5580000,0x00000000d5580000,0x00000000d5880000)
  from space 1024K, 56% used [0x00000000d5980000,0x00000000d5a10000,0x00000000d5a80000)
  to   space 512K, 0% used [0x00000000d5a80000,0x00000000d5a80000,0x00000000d5b00000)
 ParOldGen       total 468992K, used 204602K [0x0000000080000000, 0x000000009ca00000, 0x00000000d5580000)
  object space 468992K, 43% used [0x0000000080000000,0x000000008c7ce870,0x000000009ca00000)
 Metaspace       used 69028K, committed 70528K, reserved 1114112K
  class space    used 8074K, committed 8704K, reserved 1048576K
}
Event: 339.560 GC heap before
{Heap before GC invocations=531 (full 3):
 PSYoungGen      total 4096K, used 3648K [0x00000000d5580000, 0x00000000d5b00000, 0x0000000100000000)
  eden space 3072K, 100% used [0x00000000d5580000,0x00000000d5880000,0x00000000d5880000)
  from space 1024K, 56% used [0x00000000d5980000,0x00000000d5a10000,0x00000000d5a80000)
  to   space 512K, 0% used [0x00000000d5a80000,0x00000000d5a80000,0x00000000d5b00000)
 ParOldGen       total 468992K, used 204602K [0x0000000080000000, 0x000000009ca00000, 0x00000000d5580000)
  object space 468992K, 43% used [0x0000000080000000,0x000000008c7ce870,0x000000009ca00000)
 Metaspace       used 69462K, committed 70976K, reserved 1114112K
  class space    used 8136K, committed 8768K, reserved 1048576K
}
Event: 339.564 GC heap after
{Heap after GC invocations=531 (full 3):
 PSYoungGen      total 3584K, used 416K [0x00000000d5580000, 0x00000000d5b00000, 0x0000000100000000)
  eden space 3072K, 0% used [0x00000000d5580000,0x00000000d5580000,0x00000000d5880000)
  from space 512K, 81% used [0x00000000d5a80000,0x00000000d5ae8000,0x00000000d5b00000)
  to   space 512K, 0% used [0x00000000d5a00000,0x00000000d5a00000,0x00000000d5a80000)
 ParOldGen       total 468992K, used 204976K [0x0000000080000000, 0x000000009ca00000, 0x00000000d5580000)
  object space 468992K, 43% used [0x0000000080000000,0x000000008c82c378,0x000000009ca00000)
 Metaspace       used 69462K, committed 70976K, reserved 1114112K
  class space    used 8136K, committed 8768K, reserved 1048576K
}
Event: 667.410 GC heap before
{Heap before GC invocations=532 (full 3):
 PSYoungGen      total 3584K, used 3487K [0x00000000d5580000, 0x00000000d5b00000, 0x0000000100000000)
  eden space 3072K, 99% used [0x00000000d5580000,0x00000000d587ffe8,0x00000000d5880000)
  from space 512K, 81% used [0x00000000d5a80000,0x00000000d5ae8000,0x00000000d5b00000)
  to   space 512K, 0% used [0x00000000d5a00000,0x00000000d5a00000,0x00000000d5a80000)
 ParOldGen       total 468992K, used 204976K [0x0000000080000000, 0x000000009ca00000, 0x00000000d5580000)
  object space 468992K, 43% used [0x0000000080000000,0x000000008c82c378,0x000000009ca00000)
 Metaspace       used 69666K, committed 71232K, reserved 1114112K
  class space    used 8161K, committed 8832K, reserved 1048576K
}
Event: 667.412 GC heap after
{Heap after GC invocations=532 (full 3):
 PSYoungGen      total 3584K, used 496K [0x00000000d5580000, 0x00000000d5b00000, 0x0000000100000000)
  eden space 3072K, 0% used [0x00000000d5580000,0x00000000d5580000,0x00000000d5880000)
  from space 512K, 96% used [0x00000000d5a00000,0x00000000d5a7c010,0x00000000d5a80000)
  to   space 512K, 0% used [0x00000000d5a80000,0x00000000d5a80000,0x00000000d5b00000)
 ParOldGen       total 468992K, used 205112K [0x0000000080000000, 0x000000009ca00000, 0x00000000d5580000)
  object space 468992K, 43% used [0x0000000080000000,0x000000008c84e378,0x000000009ca00000)
 Metaspace       used 69666K, committed 71232K, reserved 1114112K
  class space    used 8161K, committed 8832K, reserved 1048576K
}
Event: 667.441 GC heap before
{Heap before GC invocations=533 (full 3):
 PSYoungGen      total 3584K, used 3568K [0x00000000d5580000, 0x00000000d5b00000, 0x0000000100000000)
  eden space 3072K, 100% used [0x00000000d5580000,0x00000000d5880000,0x00000000d5880000)
  from space 512K, 96% used [0x00000000d5a00000,0x00000000d5a7c010,0x00000000d5a80000)
  to   space 512K, 0% used [0x00000000d5a80000,0x00000000d5a80000,0x00000000d5b00000)
 ParOldGen       total 468992K, used 205112K [0x0000000080000000, 0x000000009ca00000, 0x00000000d5580000)
  object space 468992K, 43% used [0x0000000080000000,0x000000008c84e378,0x000000009ca00000)
 Metaspace       used 69715K, committed 71232K, reserved 1114112K
  class space    used 8169K, committed 8832K, reserved 1048576K
}
Event: 667.442 GC heap after
{Heap after GC invocations=533 (full 3):
 PSYoungGen      total 3584K, used 384K [0x00000000d5580000, 0x00000000d5b00000, 0x0000000100000000)
  eden space 3072K, 0% used [0x00000000d5580000,0x00000000d5580000,0x00000000d5880000)
  from space 512K, 75% used [0x00000000d5a80000,0x00000000d5ae0000,0x00000000d5b00000)
  to   space 512K, 0% used [0x00000000d5a00000,0x00000000d5a00000,0x00000000d5a80000)
 ParOldGen       total 468992K, used 205256K [0x0000000080000000, 0x000000009ca00000, 0x00000000d5580000)
  object space 468992K, 43% used [0x0000000080000000,0x000000008c872378,0x000000009ca00000)
 Metaspace       used 69715K, committed 71232K, reserved 1114112K
  class space    used 8169K, committed 8832K, reserved 1048576K
}
Event: 694.481 GC heap before
{Heap before GC invocations=534 (full 3):
 PSYoungGen      total 3584K, used 3456K [0x00000000d5580000, 0x00000000d5b00000, 0x0000000100000000)
  eden space 3072K, 100% used [0x00000000d5580000,0x00000000d5880000,0x00000000d5880000)
  from space 512K, 75% used [0x00000000d5a80000,0x00000000d5ae0000,0x00000000d5b00000)
  to   space 512K, 0% used [0x00000000d5a00000,0x00000000d5a00000,0x00000000d5a80000)
 ParOldGen       total 468992K, used 205256K [0x0000000080000000, 0x000000009ca00000, 0x00000000d5580000)
  object space 468992K, 43% used [0x0000000080000000,0x000000008c872378,0x000000009ca00000)
 Metaspace       used 69730K, committed 71232K, reserved 1114112K
  class space    used 8169K, committed 8832K, reserved 1048576K
}
Event: 694.482 GC heap after
{Heap after GC invocations=534 (full 3):
 PSYoungGen      total 3584K, used 384K [0x00000000d5580000, 0x00000000d5b00000, 0x0000000100000000)
  eden space 3072K, 0% used [0x00000000d5580000,0x00000000d5580000,0x00000000d5880000)
  from space 512K, 75% used [0x00000000d5a00000,0x00000000d5a60000,0x00000000d5a80000)
  to   space 512K, 0% used [0x00000000d5a80000,0x00000000d5a80000,0x00000000d5b00000)
 ParOldGen       total 468992K, used 205352K [0x0000000080000000, 0x000000009ca00000, 0x00000000d5580000)
  object space 468992K, 43% used [0x0000000080000000,0x000000008c88a378,0x000000009ca00000)
 Metaspace       used 69730K, committed 71232K, reserved 1114112K
  class space    used 8169K, committed 8832K, reserved 1048576K
}
Event: 694.505 GC heap before
{Heap before GC invocations=535 (full 3):
 PSYoungGen      total 3584K, used 3456K [0x00000000d5580000, 0x00000000d5b00000, 0x0000000100000000)
  eden space 3072K, 100% used [0x00000000d5580000,0x00000000d5880000,0x00000000d5880000)
  from space 512K, 75% used [0x00000000d5a00000,0x00000000d5a60000,0x00000000d5a80000)
  to   space 512K, 0% used [0x00000000d5a80000,0x00000000d5a80000,0x00000000d5b00000)
 ParOldGen       total 468992K, used 205352K [0x0000000080000000, 0x000000009ca00000, 0x00000000d5580000)
  object space 468992K, 43% used [0x0000000080000000,0x000000008c88a378,0x000000009ca00000)
 Metaspace       used 69744K, committed 71232K, reserved 1114112K
  class space    used 8169K, committed 8832K, reserved 1048576K
}
Event: 694.505 GC heap after
{Heap after GC invocations=535 (full 3):
 PSYoungGen      total 3584K, used 352K [0x00000000d5580000, 0x00000000d5b00000, 0x0000000100000000)
  eden space 3072K, 0% used [0x00000000d5580000,0x00000000d5580000,0x00000000d5880000)
  from space 512K, 68% used [0x00000000d5a80000,0x00000000d5ad8000,0x00000000d5b00000)
  to   space 512K, 0% used [0x00000000d5a00000,0x00000000d5a00000,0x00000000d5a80000)
 ParOldGen       total 468992K, used 205416K [0x0000000080000000, 0x000000009ca00000, 0x00000000d5580000)
  object space 468992K, 43% used [0x0000000080000000,0x000000008c89a378,0x000000009ca00000)
 Metaspace       used 69744K, committed 71232K, reserved 1114112K
  class space    used 8169K, committed 8832K, reserved 1048576K
}
Event: 718.821 GC heap before
{Heap before GC invocations=536 (full 3):
 PSYoungGen      total 3584K, used 3424K [0x00000000d5580000, 0x00000000d5b00000, 0x0000000100000000)
  eden space 3072K, 100% used [0x00000000d5580000,0x00000000d5880000,0x00000000d5880000)
  from space 512K, 68% used [0x00000000d5a80000,0x00000000d5ad8000,0x00000000d5b00000)
  to   space 512K, 0% used [0x00000000d5a00000,0x00000000d5a00000,0x00000000d5a80000)
 ParOldGen       total 468992K, used 205416K [0x0000000080000000, 0x000000009ca00000, 0x00000000d5580000)
  object space 468992K, 43% used [0x0000000080000000,0x000000008c89a378,0x000000009ca00000)
 Metaspace       used 69794K, committed 71360K, reserved 1114112K
  class space    used 8173K, committed 8832K, reserved 1048576K
}
Event: 718.824 GC heap after
{Heap after GC invocations=536 (full 3):
 PSYoungGen      total 3584K, used 402K [0x00000000d5580000, 0x00000000d5b00000, 0x0000000100000000)
  eden space 3072K, 0% used [0x00000000d5580000,0x00000000d5580000,0x00000000d5880000)
  from space 512K, 78% used [0x00000000d5a00000,0x00000000d5a64be0,0x00000000d5a80000)
  to   space 512K, 0% used [0x00000000d5a80000,0x00000000d5a80000,0x00000000d5b00000)
 ParOldGen       total 468992K, used 205512K [0x0000000080000000, 0x000000009ca00000, 0x00000000d5580000)
  object space 468992K, 43% used [0x0000000080000000,0x000000008c8b2378,0x000000009ca00000)
 Metaspace       used 69794K, committed 71360K, reserved 1114112K
  class space    used 8173K, committed 8832K, reserved 1048576K
}
Event: 718.945 GC heap before
{Heap before GC invocations=537 (full 3):
 PSYoungGen      total 3584K, used 3461K [0x00000000d5580000, 0x00000000d5b00000, 0x0000000100000000)
  eden space 3072K, 99% used [0x00000000d5580000,0x00000000d587c9b0,0x00000000d5880000)
  from space 512K, 78% used [0x00000000d5a00000,0x00000000d5a64be0,0x00000000d5a80000)
  to   space 512K, 0% used [0x00000000d5a80000,0x00000000d5a80000,0x00000000d5b00000)
 ParOldGen       total 468992K, used 205512K [0x0000000080000000, 0x000000009ca00000, 0x00000000d5580000)
  object space 468992K, 43% used [0x0000000080000000,0x000000008c8b2378,0x000000009ca00000)
 Metaspace       used 69794K, committed 71360K, reserved 1114112K
  class space    used 8173K, committed 8832K, reserved 1048576K
}
Event: 718.948 GC heap after
{Heap after GC invocations=537 (full 3):
 PSYoungGen      total 3584K, used 496K [0x00000000d5580000, 0x00000000d5b80000, 0x0000000100000000)
  eden space 3072K, 0% used [0x00000000d5580000,0x00000000d5580000,0x00000000d5880000)
  from space 512K, 96% used [0x00000000d5a80000,0x00000000d5afc070,0x00000000d5b00000)
  to   space 1536K, 0% used [0x00000000d5880000,0x00000000d5880000,0x00000000d5a00000)
 ParOldGen       total 468992K, used 205972K [0x0000000080000000, 0x000000009ca00000, 0x00000000d5580000)
  object space 468992K, 43% used [0x0000000080000000,0x000000008c925078,0x000000009ca00000)
 Metaspace       used 69794K, committed 71360K, reserved 1114112K
  class space    used 8173K, committed 8832K, reserved 1048576K
}

